<?xml version="1.0" encoding="UTF-8"?>
<!-- Generated by org.testng.reporters.JUnitXMLReporter -->
<testsuite ignored="0" hostname="FFE-Muskan" failures="0" tests="1" name="Test-Runner-1" time="9.636" errors="0" timestamp="2025-08-20T11:42:29 IST">
  <testcase classname="CreateCampaign.TestNGPractise" name="createCampaign" time="0.945"/>
</testsuite> <!-- Test-Runner-1 -->
