<?xml version="1.0" encoding="UTF-8"?>
<!-- Generated by org.testng.reporters.JUnitXMLReporter -->
<testsuite ignored="0" hostname="FFE-Muskan" failures="0" tests="1" name="Test-Runner-2" time="8.538" errors="0" timestamp="2025-08-20T11:42:37 IST">
  <testcase classname="CreateCampaign.TestNGPractise1" name="createCampaign" time="0.477"/>
</testsuite> <!-- Test-Runner-2 -->
