<?xml version="1.0" encoding="UTF-8"?>
<!-- Generated by org.testng.reporters.JUnitReportReporter -->
<testsuite hostname="FFE-Muskan" failures="0" tests="5" name="PractisingTestCases.TestNGHelperPractising" time="0.028" errors="0" timestamp="2025-08-18T12:48:40 IST" skipped="0">
  <testcase classname="PractisingTestCases.TestNGHelperPractising" name="create" time="0.004"/>
  <testcase classname="PractisingTestCases.TestNGHelperPractising" name="create" time="0.002"/>
  <testcase classname="PractisingTestCases.TestNGHelperPractising" name="create" time="0.016"/>
  <testcase classname="PractisingTestCases.TestNGHelperPractising" name="create" time="0.003"/>
  <testcase classname="PractisingTestCases.TestNGHelperPractising" name="create" time="0.003"/>
</testsuite> <!-- PractisingTestCases.TestNGHelperPractising -->
