<?xml version="1.0" encoding="UTF-8"?>
<!-- Generated by org.testng.reporters.JUnitReportReporter -->
<testsuite hostname="FFE-Muskan" failures="0" tests="1" name="PractisingTestCases.PratisingAssertionMethods" time="6.787" errors="0" timestamp="2025-08-20T11:10:11 IST" skipped="0">
  <testcase classname="PractisingTestCases.PratisingAssertionMethods" name="sampleSoft" time="6.787"/>
</testsuite> <!-- PractisingTestCases.PratisingAssertionMethods -->
