<?xml version="1.0" encoding="UTF-8"?>
<!-- Generated by org.testng.reporters.JUnitReportReporter -->
<testsuite hostname="FFE-Muskan" failures="0" tests="1" name="CreateCampaign.TestNGPractise1" time="7.178" errors="0" timestamp="2025-08-20T11:42:37 IST" skipped="0">
  <testcase classname="CreateCampaign.TestNGPractise1" name="createCampaign" time="7.178"/>
</testsuite> <!-- CreateCampaign.TestNGPractise1 -->
