<?xml version="1.0" encoding="UTF-8"?>
<!-- Generated by org.testng.reporters.JUnitReportReporter -->
<testsuite hostname="FFE-Muskan" failures="0" tests="1" name="PractisingTestCases.ReadDataFromcmdLine" time="0.013" errors="0" timestamp="2025-08-22T12:51:44 IST" skipped="0">
  <testcase classname="PractisingTestCases.ReadDataFromcmdLine" name="readData" time="0.013"/>
</testsuite> <!-- PractisingTestCases.ReadDataFromcmdLine -->
