<?xml version="1.0" encoding="UTF-8"?>
<!-- Generated by org.testng.reporters.JUnitReportReporter -->
<testsuite hostname="FFE-Muskan" failures="0" tests="1" name="PractisingTestCases.TestNGPractise" time="17.452" errors="0" timestamp="2025-08-14T12:54:04 IST" skipped="0">
  <testcase classname="PractisingTestCases.TestNGPractise" name="createCampaign" time="17.452"/>
</testsuite> <!-- PractisingTestCases.TestNGPractise -->
